<?xml version="1.0" encoding="utf-8"?><testsuites name="pytest tests"><testsuite name="pytest" errors="0" failures="1" skipped="0" tests="1" time="0.015" timestamp="2026-07-12T01:06:06.898468-04:00" hostname="Mac.lan"><testcase classname="test_regression.TestEndToEnd" name="test_end_to_end" time="0.000"><failure message="AttributeError: 'TestEndToEnd' object has no attribute 'driver'">self = &lt;tests.test_regression.TestEndToEnd object at 0x107836ad0&gt;

    def test_end_to_end(self):
&gt;       shop_page = ShopPage(self.driver)
                             ^^^^^^^^^^^
E       AttributeError: 'TestEndToEnd' object has no attribute 'driver'

test_regression.py:13: AttributeError</failure></testcase></testsuite></testsuites>